<?xml version="1.0" encoding="UTF-8"?>
<robot generator="Robot 3.1.2 (Python 3.8.3 on linux)" generated="20210416 10:02:59.066" rpa="false">
<suite id="s1" name="Tests" source="/opt/robotframework/tests">
<suite id="s1-s1" name="Test" source="/opt/robotframework/tests/test.robot">
<kw name="Start Webserver" type="setup">
<kw name="Open Browser" library="SeleniumLibrary">
<doc>Opens a new browser instance to the optional ``url``.</doc>
<arguments>
<arg>${DJANGO URL}</arg>
<arg>${BROWSER}</arg>
</arguments>
<msg timestamp="20210416 10:02:59.244" level="INFO">Opening browser 'chrome' to base url 'http://172.16.238.11:8000/admin/'.</msg>
<status status="PASS" starttime="20210416 10:02:59.244" endtime="20210416 10:03:01.110"></status>
</kw>
<status status="PASS" starttime="20210416 10:02:59.243" endtime="20210416 10:03:01.110"></status>
</kw>
<test id="s1-s1-t1" name="Check if clinetion work">
<kw name="Check if django connection work">
<kw name="Wait Until Element Is Visible" library="SeleniumLibrary">
<doc>Waits until the element ``locator`` is visible.</doc>
<arguments>
<arg>${DJANGO LOG}</arg>
</arguments>
<status status="PASS" starttime="20210416 10:03:01.112" endtime="20210416 10:03:01.158"></status>
</kw>
<status status="PASS" starttime="20210416 10:03:01.111" endtime="20210416 10:03:01.159"></status>
</kw>
<doc>this test verfies connection to django</doc>
<tags>
<tag>Non-functional</tag>
</tags>
<status status="PASS" starttime="20210416 10:03:01.110" endtime="20210416 10:03:01.159" critical="yes"></status>
</test>
<kw name="Stop Webserver" type="teardown">
<kw name="Close Browser" library="SeleniumLibrary">
<doc>Closes the current browser.</doc>
<status status="PASS" starttime="20210416 10:03:01.160" endtime="20210416 10:03:01.222"></status>
</kw>
<status status="PASS" starttime="20210416 10:03:01.160" endtime="20210416 10:03:01.222"></status>
</kw>
<doc>The Chess Club Tests</doc>
<status status="PASS" starttime="20210416 10:02:59.091" endtime="20210416 10:03:01.222"></status>
</suite>
<status status="PASS" starttime="20210416 10:02:59.067" endtime="20210416 10:03:01.224"></status>
</suite>
<statistics>
<total>
<stat pass="1" fail="0">Critical Tests</stat>
<stat pass="1" fail="0">All Tests</stat>
</total>
<tag>
<stat pass="1" fail="0">Non-functional</stat>
</tag>
<suite>
<stat pass="1" fail="0" id="s1" name="Tests">Tests</stat>
<stat pass="1" fail="0" id="s1-s1" name="Test">Tests.Test</stat>
</suite>
</statistics>
<errors>
</errors>
</robot>
