<?xml version="1.0" encoding="UTF-8"?>
<robot generator="Robot 4.0 (Python 3.9.0 on linux)" generated="20210415 22:08:00.857" rpa="false" schemaversion="2">
<suite id="s1" name="Tests" source="/opt/robotframework/tests">
<suite id="s1-s1" name="Test" source="/opt/robotframework/tests/test.robot">
<kw name="Start Webserver" type="SETUP">
<kw name="Open Browser" library="SeleniumLibrary">
<arg>${DJANGO URL}</arg>
<arg>${BROWSER}</arg>
<doc>Opens a new browser instance to the optional ``url``.</doc>
<msg timestamp="20210415 22:08:01.085" level="INFO">Opening browser 'chrome' to base url 'http://172.16.238.11:8000/admin/'.</msg>
<kw name="Capture Page Screenshot" library="SeleniumLibrary">
<doc>Takes a screenshot of the current page and embeds it into a log file.</doc>
<msg timestamp="20210415 22:08:03.822" level="INFO" html="true">&lt;/td&gt;&lt;/tr&gt;&lt;tr&gt;&lt;td colspan="3"&gt;&lt;a href="selenium-screenshot-2.png"&gt;&lt;img src="selenium-screenshot-2.png" width="800px"&gt;&lt;/a&gt;</msg>
<status status="PASS" starttime="20210415 22:08:03.720" endtime="20210415 22:08:03.822"/>
</kw>
<msg timestamp="20210415 22:08:03.824" level="FAIL">WebDriverException: Message: unknown error: net::ERR_CONNECTION_REFUSED
  (Session info: chrome=86.0.4240.111)
</msg>
<status status="FAIL" starttime="20210415 22:08:01.084" endtime="20210415 22:08:03.824"/>
</kw>
<status status="FAIL" starttime="20210415 22:08:01.084" endtime="20210415 22:08:03.825"/>
</kw>
<test id="s1-s1-t1" name="Check if clinetion work">
<doc>this test verfies connection to django</doc>
<tag>Non-functional</tag>
<status status="FAIL" starttime="20210415 22:08:03.825" endtime="20210415 22:08:03.826">Parent suite setup failed:
WebDriverException: Message: unknown error: net::ERR_CONNECTION_REFUSED
  (Session info: chrome=86.0.4240.111)
</status>
</test>
<kw name="Stop Webserver" type="TEARDOWN">
<kw name="Close Browser" library="SeleniumLibrary">
<doc>Closes the current browser.</doc>
<status status="PASS" starttime="20210415 22:08:03.828" endtime="20210415 22:08:03.884"/>
</kw>
<status status="PASS" starttime="20210415 22:08:03.827" endtime="20210415 22:08:03.885"/>
</kw>
<doc>The Chess Club Tests</doc>
<status status="FAIL" starttime="20210415 22:08:00.884" endtime="20210415 22:08:03.885">Suite setup failed:
WebDriverException: Message: unknown error: net::ERR_CONNECTION_REFUSED
  (Session info: chrome=86.0.4240.111)
</status>
</suite>
<status status="FAIL" starttime="20210415 22:08:00.858" endtime="20210415 22:08:03.887"/>
</suite>
<statistics>
<total>
<stat pass="0" fail="1" skip="0">All Tests</stat>
</total>
<tag>
<stat pass="0" fail="1" skip="0">Non-functional</stat>
</tag>
<suite>
<stat pass="0" fail="1" skip="0" id="s1" name="Tests">Tests</stat>
<stat pass="0" fail="1" skip="0" id="s1-s1" name="Test">Tests.Test</stat>
</suite>
</statistics>
<errors>
</errors>
</robot>
